\BOOKMARK [1][-]{section.1}{\376\377\000E\000i\000n\000l\000e\000i\000t\000u\000n\000g}{}% 1
\BOOKMARK [2][-]{subsection.1.1}{\376\377\000T\000e\000X\000u\000n\000d\000\040\000L\000a\000T\000e\000X}{section.1}% 2
\BOOKMARK [1][-]{section.2}{\376\377\000E\000r\000s\000t\000e\000\040\000S\000c\000h\000r\000i\000t\000t\000e\000\040\000m\000i\000t\000\040\000L\000a\000T\000e\000X}{}% 3
\BOOKMARK [2][-]{subsection.2.1}{\376\377\000A\000r\000b\000e\000i\000t\000s\000w\000e\000i\000s\000e\000\040\000m\000i\000t\000\040\000V\000S\000C\000o\000d\000e}{section.2}% 4
\BOOKMARK [1][-]{section.3}{\376\377\000G\000r\000u\000n\000d\000l\000a\000g\000e\000n}{}% 5
\BOOKMARK [2][-]{subsection.3.1}{\376\377\000A\000b\000s\000t\000\344\000n\000d\000e}{section.3}% 6
\BOOKMARK [2][-]{subsection.3.2}{\376\377\000T\000e\000x\000t\000f\000o\000r\000m\000a\000t\000i\000e\000r\000u\000n\000g\000e\000n}{section.3}% 7
\BOOKMARK [1][-]{section.4}{\376\377\000L\000i\000s\000t\000e\000n}{}% 8
\BOOKMARK [2][-]{subsection.4.1}{\376\377\000N\000u\000m\000m\000e\000r\000i\000e\000r\000t\000e\000\040\000L\000i\000s\000t\000e\000n}{section.4}% 9
\BOOKMARK [2][-]{subsection.4.2}{\376\377\000A\000u\000f\000z\000\344\000h\000l\000u\000n\000g\000s\000l\000i\000s\000t\000e\000n}{section.4}% 10
\BOOKMARK [2][-]{subsection.4.3}{\376\377\000B\000e\000s\000c\000h\000r\000e\000i\000b\000u\000n\000g\000s\000l\000i\000s\000t\000e\000n}{section.4}% 11
\BOOKMARK [1][-]{section.5}{\376\377\000A\000b\000b\000i\000l\000d\000u\000n\000g\000e\000n}{}% 12
\BOOKMARK [1][-]{section.6}{\376\377\000Q\000u\000e\000r\000v\000e\000r\000w\000e\000i\000s\000e\000\040\000u\000n\000d\000\040\000H\000y\000p\000e\000r\000l\000i\000n\000k\000s}{}% 13
\BOOKMARK [2][-]{subsection.6.1}{\376\377\000L\000i\000n\000k\000s}{section.6}% 14
\BOOKMARK [1][-]{section.7}{\376\377\000T\000a\000b\000e\000l\000l\000e\000n}{}% 15
\BOOKMARK [1][-]{section.8}{\376\377\000M\000a\000t\000h\000e\000m\000a\000t\000i\000k\000\040\000m\000i\000t\000\040\000L\000a\000T\000e\000X}{}% 16
\BOOKMARK [2][-]{subsection.8.1}{\376\377\000I\000n\000l\000i\000n\000e\000-\000G\000l\000e\000i\000c\000h\000u\000n\000g\000e\000n}{section.8}% 17
\BOOKMARK [2][-]{subsection.8.2}{\376\377\000D\000i\000s\000p\000l\000a\000y\000-\000G\000l\000e\000i\000c\000h\000u\000n\000g\000e\000n}{section.8}% 18
\BOOKMARK [1][-]{section.9}{\376\377\000D\000e\000r\000\040\000A\000u\000f\000b\000a\000u\000\040\000e\000i\000n\000e\000r\000\040\000A\000r\000b\000e\000i\000t}{}% 19
\BOOKMARK [2][-]{subsection.9.1}{\376\377\000K\000a\000p\000i\000t\000e\000l\000\040\000u\000n\000d\000\040\000I\000n\000h\000a\000l\000t\000s\000v\000e\000r\000z\000e\000i\000c\000h\000n\000i\000s}{section.9}% 20
\BOOKMARK [2][-]{subsection.9.2}{\376\377\000Q\000u\000e\000l\000l\000e\000n\000\040\000u\000n\000d\000\040\000V\000e\000r\000z\000e\000i\000c\000h\000n\000i\000s\000s\000e}{section.9}% 21
